<?xml version="1.0" encoding="UTF-8"?>
<!-- Generated by org.testng.reporters.JUnitReportReporter -->
<testsuite hostname="DESKTOP-D2G15EJ" failures="0" tests="1" name="com.simplilearn.Phase5_Project2.RegistrationForm" time="79.795" errors="0" timestamp="03 Apr 2022 19:28:07 GMT" skipped="0">
  <testcase classname="com.simplilearn.Phase5_Project2.RegistrationForm" name="invokeBrowser" time="79.795"/>
</testsuite> <!-- com.simplilearn.Phase5_Project2.RegistrationForm -->
